[2016-02-14 15:37:16.053] [INFO] BOT #1 - Успешный запуск бота Sun Feb 14 2016 15:37:16 GMT+0200 (Финляндия (зима))
[2018-03-22 23:15:33.659] [INFO] BOT #1 - Успешный запуск бота Thu Mar 22 2018 23:15:33 GMT-0300 (Hora oficial do Brasil)
[2018-03-22 23:17:37.775] [INFO] BOT #1 - Успешный запуск бота Thu Mar 22 2018 23:17:37 GMT-0300 (Hora oficial do Brasil)
[2018-03-22 23:18:03.606] [INFO] BOT #1 - Пользователь 76561198032447477 запросил статус игры и получил ответ: "Нахожусь в лобби #25529574543875795. Пароль от лобби: 5939_undefined"
[2018-03-22 23:18:17.759] [INFO] BOT #1 - Пользователь 76561198032447477 приказал покинуть лобби #25529574543875795
[2018-03-22 23:18:35.705] [INFO] BOT #1 - Пользователь 76561198032447477 запросил создание новой игры
[2018-03-23 00:20:35.966] [INFO] BOT #1 - Успешный запуск бота Fri Mar 23 2018 00:20:35 GMT-0300 (Hora oficial do Brasil)
[2018-03-23 00:21:38.138] [INFO] BOT #1 - Пользователь 76561198032447477 запросил статус игры и получил ответ: "Нахожусь в лобби #25529574561479670. Пароль от лобби: 55478_undefined"
[2018-03-23 00:27:48.817] [INFO] BOT #1 - Успешный запуск бота Fri Mar 23 2018 00:27:48 GMT-0300 (Hora oficial do Brasil)
[2018-03-23 00:34:28.048] [INFO] BOT #1 - Пользователь 76561198032447477 запросил статус игры и получил ответ: "Нахожусь в лобби #25529574561479670. Пароль от лобби: 24012_undefined"
[2018-03-23 00:38:29.993] [INFO] BOT #1 - Успешный запуск бота Fri Mar 23 2018 00:38:29 GMT-0300 (Hora oficial do Brasil)
[2018-03-23 01:30:15.340] [INFO] BOT #1 - Bot iniciado com sucesso! Fri Mar 23 2018 01:30:15 GMT-0300 (Hora oficial do Brasil)
[2018-03-23 01:33:31.829] [INFO] BOT #1 - Bot iniciado com sucesso! Fri Mar 23 2018 01:33:31 GMT-0300 (Hora oficial do Brasil)
[2018-03-23 01:34:13.624] [INFO] BOT #1 - Usuário 76561198032447477 Eu solicitei o status do jogo e recebi uma resposta: "Eu estou no lobby #25529574580861372. Senha do lobby: 30078_0"
[2018-03-23 01:41:21.902] [INFO] BOT #1 - Bot iniciado com sucesso! Fri Mar 23 2018 01:41:21 GMT-0300 (Hora oficial do Brasil)
[2018-03-23 01:42:41.522] [INFO] BOT #1 - Bot iniciado com sucesso! Fri Mar 23 2018 01:42:41 GMT-0300 (Hora oficial do Brasil)
[2018-03-23 01:45:08.418] [INFO] BOT #1 - Bot iniciado com sucesso! Fri Mar 23 2018 01:45:08 GMT-0300 (Hora oficial do Brasil)
[2018-03-23 11:45:23.574] [INFO] BOT #1 - Bot iniciado com sucesso! Fri Mar 23 2018 11:45:23 GMT-0300 (Hora oficial do Brasil)
[2018-03-23 11:48:55.251] [INFO] BOT #1 - Usuário 76561198032447477 convidou a administração no lobby
[2018-03-23 11:50:11.699] [INFO] BOT #1 - Usuário 76561198032447477 solicitou o início do jogo e recebeu uma resposta "Jogo #25529574839221891 foi iniciado!"
[2018-03-23 12:23:33.111] [INFO] BOT #1 - Bot iniciado com sucesso! Fri Mar 23 2018 12:23:33 GMT-0300 (Hora oficial do Brasil)
[2018-03-23 12:25:13.686] [INFO] BOT #1 - Usuário 76561198032447477 mandou sair do lobby #25529574861016491
[2018-03-23 12:25:52.216] [INFO] BOT #1 - Usuário 76561198032447477 Desligou o bot
[2018-03-23 12:26:17.545] [INFO] BOT #1 - Bot iniciado com sucesso! Fri Mar 23 2018 12:26:17 GMT-0300 (Hora oficial do Brasil)
[2018-03-23 12:26:17.545] [INFO] BOT #1 - Bot iniciado com sucesso! Fri Mar 23 2018 12:26:17 GMT-0300 (Hora oficial do Brasil)
[2018-03-23 12:26:52.955] [INFO] BOT #1 - Usuário 76561198032447477 Desligou o bot
[2018-03-23 12:26:52.955] [INFO] BOT #1 - Usuário 76561198032447477 Desligou o bot
[2018-03-23 14:46:45.284] [INFO] BOT #1 - Bot iniciado com sucesso! Fri Mar 23 2018 14:46:45 GMT-0300 (Hora oficial do Brasil)
[2018-03-23 14:47:32.736] [INFO] BOT #1 - Usuário 76561198032447477 Desligou o bot
[2018-03-23 14:49:46.406] [INFO] BOT #1 - Bot iniciado com sucesso! Fri Mar 23 2018 14:49:46 GMT-0300 (Hora oficial do Brasil)
[2018-03-23 14:50:04.149] [INFO] BOT #1 - Usuário 76561198032447477 convidou a administração no lobby
[2018-03-23 14:53:18.176] [INFO] BOT #1 - Bot iniciado com sucesso! Fri Mar 23 2018 14:53:18 GMT-0300 (Hora oficial do Brasil)
[2018-03-23 14:53:33.273] [INFO] BOT #1 - Usuário 76561198032447477 convidou a administração no lobby
[2018-03-23 15:01:36.072] [INFO] BOT #1 - Bot iniciado com sucesso! Fri Mar 23 2018 15:01:36 GMT-0300 (Hora oficial do Brasil)
[2018-03-23 15:01:49.515] [INFO] BOT #1 - Usuário 76561198032447477 convidou a administração no lobby
[2018-03-23 15:03:42.749] [INFO] BOT #1 - Bot iniciado com sucesso! Fri Mar 23 2018 15:03:42 GMT-0300 (Hora oficial do Brasil)
[2018-03-23 15:03:55.346] [INFO] BOT #1 - Usuário 76561198032447477 convidou a administração no lobby
[2018-03-23 15:28:56.595] [INFO] BOT #1 - Bot iniciado com sucesso! Fri Mar 23 2018 15:28:56 GMT-0300 (Hora oficial do Brasil)
[2018-03-23 15:29:07.991] [INFO] BOT #1 - Usuário 76561198032447477 convidou a administração no lobby
[2018-03-23 16:07:49.064] [INFO] BOT #1 - Bot iniciado com sucesso! Fri Mar 23 2018 16:07:49 GMT-0300 (Hora oficial do Brasil)
[2018-03-23 16:08:27.015] [INFO] BOT #1 - Usuário 76561198032447477 convidou a administração no lobby
[2018-03-23 16:23:41.239] [INFO] BOT #1 - Bot iniciado com sucesso! Fri Mar 23 2018 16:23:41 GMT-0300 (Hora oficial do Brasil)
[2018-03-23 16:29:05.820] [INFO] BOT #1 - Bot iniciado com sucesso! Fri Mar 23 2018 16:29:05 GMT-0300 (Hora oficial do Brasil)
[2018-03-23 16:30:27.421] [INFO] BOT #1 - Bot iniciado com sucesso! Fri Mar 23 2018 16:30:27 GMT-0300 (Hora oficial do Brasil)
[2018-03-23 16:32:27.182] [INFO] BOT #1 - Bot iniciado com sucesso! Fri Mar 23 2018 16:32:27 GMT-0300 (Hora oficial do Brasil)
[2018-03-23 16:32:47.763] [INFO] BOT #1 - Usuário 76561198032447477 convidou a administração no lobby
[2018-03-23 16:37:59.063] [INFO] BOT #1 - Bot iniciado com sucesso! Fri Mar 23 2018 16:37:59 GMT-0300 (Hora oficial do Brasil)
[2018-03-23 16:38:30.952] [INFO] BOT #1 - Usuário 76561198032447477 convidou a administração no lobby
[2018-03-23 16:39:04.865] [INFO] BOT #1 - Usuário 76561198032447477 Desligou o bot
[2018-03-23 16:39:57.095] [INFO] BOT #1 - Bot iniciado com sucesso! Fri Mar 23 2018 16:39:57 GMT-0300 (Hora oficial do Brasil)
[2018-03-23 16:40:11.604] [INFO] BOT #1 - Usuário 76561198032447477 convidou a administração no lobby
[2018-03-23 16:45:21.524] [INFO] BOT #1 - Bot iniciado com sucesso! Fri Mar 23 2018 16:45:21 GMT-0300 (Hora oficial do Brasil)
[2018-03-23 16:46:05.913] [INFO] BOT #1 - Usuário 76561198032447477 convidou a administração no lobby
[2018-03-23 16:46:37.465] [INFO] BOT #1 - Usuário 76561198032447477 solicitou o status do jogo e recebeu uma resposta: "Eu estou no lobby #25531919654839910. Senha do lobby: 52022_1"
[2018-03-23 16:47:06.864] [INFO] BOT #1 - Usuário 76561198032447477 convidou a administração no lobby
[2018-03-23 16:49:34.084] [INFO] BOT #1 - Bot iniciado com sucesso! Fri Mar 23 2018 16:49:34 GMT-0300 (Hora oficial do Brasil)
[2018-03-23 16:49:44.370] [INFO] BOT #1 - Usuário 76561198032447477 convidou a administração no lobby
[2018-03-23 17:01:20.812] [INFO] BOT #1 - Usuário 76561198032447477 Desligou o bot
[2018-03-23 23:06:56.719] [INFO] BOT #1 - Bot iniciado com sucesso! Fri Mar 23 2018 23:06:56 GMT-0300 (Hora oficial do Brasil)
[2018-03-23 23:09:08.576] [INFO] BOT #1 - Bot iniciado com sucesso! Fri Mar 23 2018 23:09:08 GMT-0300 (Hora oficial do Brasil)
[2018-03-23 23:12:31.334] [INFO] BOT #1 - Usuário 76561198032447477 Desligou o bot
[2018-03-23 23:17:19.401] [INFO] BOT #1 - Bot iniciado com sucesso! Fri Mar 23 2018 23:17:19 GMT-0300 (Hora oficial do Brasil)
[2018-03-23 23:20:59.642] [INFO] BOT #1 - Usuário 76561198032447477 solicitou o status do jogo e recebeu uma resposta: "Eu estou no lobby #25532348056009129. Senha do lobby: 62911_1"
[2018-03-23 23:25:21.242] [INFO] BOT #1 - Usuário 76561198032447477 mandou sair do lobby #25532348056009129
